mode: atomic
github.com/g-ton/simplebank/db/sqlc/account.sql.go:24.104,35.2 4 30
github.com/g-ton/simplebank/db/sqlc/account.sql.go:53.96,64.2 4 60
github.com/g-ton/simplebank/db/sqlc/account.sql.go:71.70,74.2 2 1
github.com/g-ton/simplebank/db/sqlc/account.sql.go:81.78,92.2 4 6
github.com/g-ton/simplebank/db/sqlc/account.sql.go:106.96,108.16 2 1
github.com/g-ton/simplebank/db/sqlc/account.sql.go:108.16,110.3 1 0
github.com/g-ton/simplebank/db/sqlc/account.sql.go:111.2,113.18 3 1
github.com/g-ton/simplebank/db/sqlc/account.sql.go:113.18,121.17 2 5
github.com/g-ton/simplebank/db/sqlc/account.sql.go:121.17,123.4 1 0
github.com/g-ton/simplebank/db/sqlc/account.sql.go:124.3,124.27 1 5
github.com/g-ton/simplebank/db/sqlc/account.sql.go:126.2,126.37 1 1
github.com/g-ton/simplebank/db/sqlc/account.sql.go:126.37,128.3 1 0
github.com/g-ton/simplebank/db/sqlc/account.sql.go:129.2,129.35 1 1
github.com/g-ton/simplebank/db/sqlc/account.sql.go:129.35,131.3 1 0
github.com/g-ton/simplebank/db/sqlc/account.sql.go:132.2,132.19 1 1
github.com/g-ton/simplebank/db/sqlc/account.sql.go:147.96,158.2 4 1
github.com/g-ton/simplebank/db/sqlc/db.go:19.28,21.2 1 18
github.com/g-ton/simplebank/db/sqlc/db.go:27.47,31.2 1 0
github.com/g-ton/simplebank/db/sqlc/entry.sql.go:26.90,36.2 4 44
github.com/g-ton/simplebank/db/sqlc/entry.sql.go:43.68,46.2 2 1
github.com/g-ton/simplebank/db/sqlc/entry.sql.go:53.74,63.2 4 12
github.com/g-ton/simplebank/db/sqlc/entry.sql.go:77.92,79.16 2 1
github.com/g-ton/simplebank/db/sqlc/entry.sql.go:79.16,81.3 1 0
github.com/g-ton/simplebank/db/sqlc/entry.sql.go:82.2,84.18 3 1
github.com/g-ton/simplebank/db/sqlc/entry.sql.go:84.18,91.17 2 5
github.com/g-ton/simplebank/db/sqlc/entry.sql.go:91.17,93.4 1 0
github.com/g-ton/simplebank/db/sqlc/entry.sql.go:94.3,94.27 1 5
github.com/g-ton/simplebank/db/sqlc/entry.sql.go:96.2,96.37 1 1
github.com/g-ton/simplebank/db/sqlc/entry.sql.go:96.37,98.3 1 0
github.com/g-ton/simplebank/db/sqlc/entry.sql.go:99.2,99.35 1 1
github.com/g-ton/simplebank/db/sqlc/entry.sql.go:99.35,101.3 1 0
github.com/g-ton/simplebank/db/sqlc/entry.sql.go:102.2,102.19 1 1
github.com/g-ton/simplebank/db/sqlc/entry.sql.go:117.90,127.2 4 1
github.com/g-ton/simplebank/db/sqlc/store.go:14.34,19.2 1 2
github.com/g-ton/simplebank/db/sqlc/store.go:21.80,23.16 2 15
github.com/g-ton/simplebank/db/sqlc/store.go:23.16,25.3 1 0
github.com/g-ton/simplebank/db/sqlc/store.go:27.2,30.16 3 15
github.com/g-ton/simplebank/db/sqlc/store.go:30.16,31.43 1 0
github.com/g-ton/simplebank/db/sqlc/store.go:31.43,33.4 1 0
github.com/g-ton/simplebank/db/sqlc/store.go:34.3,34.13 1 0
github.com/g-ton/simplebank/db/sqlc/store.go:37.2,37.20 1 15
github.com/g-ton/simplebank/db/sqlc/store.go:57.101,60.50 2 15
github.com/g-ton/simplebank/db/sqlc/store.go:60.50,68.17 3 15
github.com/g-ton/simplebank/db/sqlc/store.go:68.17,70.4 1 0
github.com/g-ton/simplebank/db/sqlc/store.go:72.3,76.17 2 15
github.com/g-ton/simplebank/db/sqlc/store.go:76.17,78.4 1 0
github.com/g-ton/simplebank/db/sqlc/store.go:80.3,84.17 2 15
github.com/g-ton/simplebank/db/sqlc/store.go:84.17,86.4 1 0
github.com/g-ton/simplebank/db/sqlc/store.go:88.3,88.42 1 15
github.com/g-ton/simplebank/db/sqlc/store.go:88.42,90.4 1 10
github.com/g-ton/simplebank/db/sqlc/store.go:90.9,92.4 1 5
github.com/g-ton/simplebank/db/sqlc/store.go:94.3,94.13 1 15
github.com/g-ton/simplebank/db/sqlc/store.go:97.2,97.20 1 15
github.com/g-ton/simplebank/db/sqlc/store.go:107.51,112.16 2 15
github.com/g-ton/simplebank/db/sqlc/store.go:112.16,114.3 1 0
github.com/g-ton/simplebank/db/sqlc/store.go:116.2,120.8 2 15
github.com/g-ton/simplebank/db/sqlc/transfer.sql.go:28.99,39.2 4 29
github.com/g-ton/simplebank/db/sqlc/transfer.sql.go:46.71,49.2 2 1
github.com/g-ton/simplebank/db/sqlc/transfer.sql.go:56.80,67.2 4 7
github.com/g-ton/simplebank/db/sqlc/transfer.sql.go:81.99,83.16 2 1
github.com/g-ton/simplebank/db/sqlc/transfer.sql.go:83.16,85.3 1 0
github.com/g-ton/simplebank/db/sqlc/transfer.sql.go:86.2,88.18 3 1
github.com/g-ton/simplebank/db/sqlc/transfer.sql.go:88.18,96.17 2 5
github.com/g-ton/simplebank/db/sqlc/transfer.sql.go:96.17,98.4 1 0
github.com/g-ton/simplebank/db/sqlc/transfer.sql.go:99.3,99.27 1 5
github.com/g-ton/simplebank/db/sqlc/transfer.sql.go:101.2,101.37 1 1
github.com/g-ton/simplebank/db/sqlc/transfer.sql.go:101.37,103.3 1 0
github.com/g-ton/simplebank/db/sqlc/transfer.sql.go:104.2,104.35 1 1
github.com/g-ton/simplebank/db/sqlc/transfer.sql.go:104.35,106.3 1 0
github.com/g-ton/simplebank/db/sqlc/transfer.sql.go:107.2,107.19 1 1
github.com/g-ton/simplebank/db/sqlc/transfer.sql.go:122.99,133.2 4 1
